[2026-04-24T12:41:17.272Z] Cannot read properties of undefined (reading 'create')
TypeError: Cannot read properties of undefined (reading 'create')
    at POST (C:\Users\aysea\Downloads\site\EShopper\arbitrage-prod\.next\server\chunks\[root-of-the-server]__81b0a2ac._.js:105:51)
    at process.processTicksAndRejections (node:internal/process/task_queues:95:5)
    at async AppRouteRouteModule.do (C:\Users\aysea\Downloads\site\EShopper\arbitrage-prod\node_modules\next\dist\compiled\next-server\app-route-turbo.runtime.dev.js:5:38696)
    at async AppRouteRouteModule.handle (C:\Users\aysea\Downloads\site\EShopper\arbitrage-prod\node_modules\next\dist\compiled\next-server\app-route-turbo.runtime.dev.js:5:45978)
    at async responseGenerator (C:\Users\aysea\Downloads\site\EShopper\arbitrage-prod\.next\server\chunks\node_modules_next_2ce1952a._.js:14738:38)
    at async AppRouteRouteModule.handleResponse (C:\Users\aysea\Downloads\site\EShopper\arbitrage-prod\node_modules\next\dist\compiled\next-server\app-route-turbo.runtime.dev.js:1:195263)
    at async handleResponse (C:\Users\aysea\Downloads\site\EShopper\arbitrage-prod\.next\server\chunks\node_modules_next_2ce1952a._.js:14800:32)
    at async handler (C:\Users\aysea\Downloads\site\EShopper\arbitrage-prod\.next\server\chunks\node_modules_next_2ce1952a._.js:14852:13)
    at async DevServer.renderToResponseWithComponentsImpl (C:\Users\aysea\Downloads\site\EShopper\arbitrage-prod\node_modules\next\dist\server\base-server.js:1422:9)
    at async DevServer.renderPageComponent (C:\Users\aysea\Downloads\site\EShopper\arbitrage-prod\node_modules\next\dist\server\base-server.js:1474:24)
    at async DevServer.renderToResponseImpl (C:\Users\aysea\Downloads\site\EShopper\arbitrage-prod\node_modules\next\dist\server\base-server.js:1514:32)
    at async DevServer.pipeImpl (C:\Users\aysea\Downloads\site\EShopper\arbitrage-prod\node_modules\next\dist\server\base-server.js:1025:25)
    at async NextNodeServer.handleCatchallRenderRequest (C:\Users\aysea\Downloads\site\EShopper\arbitrage-prod\node_modules\next\dist\server\next-server.js:393:17)
    at async DevServer.handleRequestImpl (C:\Users\aysea\Downloads\site\EShopper\arbitrage-prod\node_modules\next\dist\server\base-server.js:916:17)
    at async C:\Users\aysea\Downloads\site\EShopper\arbitrage-prod\node_modules\next\dist\server\dev\next-dev-server.js:400:20
    at async Span.traceAsyncFn (C:\Users\aysea\Downloads\site\EShopper\arbitrage-prod\node_modules\next\dist\trace\trace.js:157:20)
    at async DevServer.handleRequest (C:\Users\aysea\Downloads\site\EShopper\arbitrage-prod\node_modules\next\dist\server\dev\next-dev-server.js:396:24)
    at async invokeRender (C:\Users\aysea\Downloads\site\EShopper\arbitrage-prod\node_modules\next\dist\server\lib\router-server.js:240:21)
    at async handleRequest (C:\Users\aysea\Downloads\site\EShopper\arbitrage-prod\node_modules\next\dist\server\lib\router-server.js:437:24)
    at async requestHandlerImpl (C:\Users\aysea\Downloads\site\EShopper\arbitrage-prod\node_modules\next\dist\server\lib\router-server.js:485:13)
    at async Server.requestListener (C:\Users\aysea\Downloads\site\EShopper\arbitrage-prod\node_modules\next\dist\server\lib\start-server.js:226:13)

[2026-04-24T12:41:18.510Z] Cannot read properties of undefined (reading 'create')
TypeError: Cannot read properties of undefined (reading 'create')
    at POST (C:\Users\aysea\Downloads\site\EShopper\arbitrage-prod\.next\server\chunks\[root-of-the-server]__81b0a2ac._.js:105:51)
    at process.processTicksAndRejections (node:internal/process/task_queues:95:5)
    at async AppRouteRouteModule.do (C:\Users\aysea\Downloads\site\EShopper\arbitrage-prod\node_modules\next\dist\compiled\next-server\app-route-turbo.runtime.dev.js:5:38696)
    at async AppRouteRouteModule.handle (C:\Users\aysea\Downloads\site\EShopper\arbitrage-prod\node_modules\next\dist\compiled\next-server\app-route-turbo.runtime.dev.js:5:45978)
    at async responseGenerator (C:\Users\aysea\Downloads\site\EShopper\arbitrage-prod\.next\server\chunks\node_modules_next_2ce1952a._.js:14738:38)
    at async AppRouteRouteModule.handleResponse (C:\Users\aysea\Downloads\site\EShopper\arbitrage-prod\node_modules\next\dist\compiled\next-server\app-route-turbo.runtime.dev.js:1:195263)
    at async handleResponse (C:\Users\aysea\Downloads\site\EShopper\arbitrage-prod\.next\server\chunks\node_modules_next_2ce1952a._.js:14800:32)
    at async handler (C:\Users\aysea\Downloads\site\EShopper\arbitrage-prod\.next\server\chunks\node_modules_next_2ce1952a._.js:14852:13)
    at async DevServer.renderToResponseWithComponentsImpl (C:\Users\aysea\Downloads\site\EShopper\arbitrage-prod\node_modules\next\dist\server\base-server.js:1422:9)
    at async DevServer.renderPageComponent (C:\Users\aysea\Downloads\site\EShopper\arbitrage-prod\node_modules\next\dist\server\base-server.js:1474:24)
    at async DevServer.renderToResponseImpl (C:\Users\aysea\Downloads\site\EShopper\arbitrage-prod\node_modules\next\dist\server\base-server.js:1514:32)
    at async DevServer.pipeImpl (C:\Users\aysea\Downloads\site\EShopper\arbitrage-prod\node_modules\next\dist\server\base-server.js:1025:25)
    at async NextNodeServer.handleCatchallRenderRequest (C:\Users\aysea\Downloads\site\EShopper\arbitrage-prod\node_modules\next\dist\server\next-server.js:393:17)
    at async DevServer.handleRequestImpl (C:\Users\aysea\Downloads\site\EShopper\arbitrage-prod\node_modules\next\dist\server\base-server.js:916:17)
    at async C:\Users\aysea\Downloads\site\EShopper\arbitrage-prod\node_modules\next\dist\server\dev\next-dev-server.js:400:20
    at async Span.traceAsyncFn (C:\Users\aysea\Downloads\site\EShopper\arbitrage-prod\node_modules\next\dist\trace\trace.js:157:20)
    at async DevServer.handleRequest (C:\Users\aysea\Downloads\site\EShopper\arbitrage-prod\node_modules\next\dist\server\dev\next-dev-server.js:396:24)
    at async invokeRender (C:\Users\aysea\Downloads\site\EShopper\arbitrage-prod\node_modules\next\dist\server\lib\router-server.js:240:21)
    at async handleRequest (C:\Users\aysea\Downloads\site\EShopper\arbitrage-prod\node_modules\next\dist\server\lib\router-server.js:437:24)
    at async requestHandlerImpl (C:\Users\aysea\Downloads\site\EShopper\arbitrage-prod\node_modules\next\dist\server\lib\router-server.js:485:13)
    at async Server.requestListener (C:\Users\aysea\Downloads\site\EShopper\arbitrage-prod\node_modules\next\dist\server\lib\start-server.js:226:13)

[2026-04-24T12:41:33.473Z] Cannot read properties of undefined (reading 'create')
TypeError: Cannot read properties of undefined (reading 'create')
    at POST (C:\Users\aysea\Downloads\site\EShopper\arbitrage-prod\.next\server\chunks\[root-of-the-server]__81b0a2ac._.js:105:51)
    at process.processTicksAndRejections (node:internal/process/task_queues:95:5)
    at async AppRouteRouteModule.do (C:\Users\aysea\Downloads\site\EShopper\arbitrage-prod\node_modules\next\dist\compiled\next-server\app-route-turbo.runtime.dev.js:5:38696)
    at async AppRouteRouteModule.handle (C:\Users\aysea\Downloads\site\EShopper\arbitrage-prod\node_modules\next\dist\compiled\next-server\app-route-turbo.runtime.dev.js:5:45978)
    at async responseGenerator (C:\Users\aysea\Downloads\site\EShopper\arbitrage-prod\.next\server\chunks\node_modules_next_2ce1952a._.js:14738:38)
    at async AppRouteRouteModule.handleResponse (C:\Users\aysea\Downloads\site\EShopper\arbitrage-prod\node_modules\next\dist\compiled\next-server\app-route-turbo.runtime.dev.js:1:195263)
    at async handleResponse (C:\Users\aysea\Downloads\site\EShopper\arbitrage-prod\.next\server\chunks\node_modules_next_2ce1952a._.js:14800:32)
    at async handler (C:\Users\aysea\Downloads\site\EShopper\arbitrage-prod\.next\server\chunks\node_modules_next_2ce1952a._.js:14852:13)
    at async DevServer.renderToResponseWithComponentsImpl (C:\Users\aysea\Downloads\site\EShopper\arbitrage-prod\node_modules\next\dist\server\base-server.js:1422:9)
    at async DevServer.renderPageComponent (C:\Users\aysea\Downloads\site\EShopper\arbitrage-prod\node_modules\next\dist\server\base-server.js:1474:24)
    at async DevServer.renderToResponseImpl (C:\Users\aysea\Downloads\site\EShopper\arbitrage-prod\node_modules\next\dist\server\base-server.js:1514:32)
    at async DevServer.pipeImpl (C:\Users\aysea\Downloads\site\EShopper\arbitrage-prod\node_modules\next\dist\server\base-server.js:1025:25)
    at async NextNodeServer.handleCatchallRenderRequest (C:\Users\aysea\Downloads\site\EShopper\arbitrage-prod\node_modules\next\dist\server\next-server.js:393:17)
    at async DevServer.handleRequestImpl (C:\Users\aysea\Downloads\site\EShopper\arbitrage-prod\node_modules\next\dist\server\base-server.js:916:17)
    at async C:\Users\aysea\Downloads\site\EShopper\arbitrage-prod\node_modules\next\dist\server\dev\next-dev-server.js:400:20
    at async Span.traceAsyncFn (C:\Users\aysea\Downloads\site\EShopper\arbitrage-prod\node_modules\next\dist\trace\trace.js:157:20)
    at async DevServer.handleRequest (C:\Users\aysea\Downloads\site\EShopper\arbitrage-prod\node_modules\next\dist\server\dev\next-dev-server.js:396:24)
    at async invokeRender (C:\Users\aysea\Downloads\site\EShopper\arbitrage-prod\node_modules\next\dist\server\lib\router-server.js:240:21)
    at async handleRequest (C:\Users\aysea\Downloads\site\EShopper\arbitrage-prod\node_modules\next\dist\server\lib\router-server.js:437:24)
    at async requestHandlerImpl (C:\Users\aysea\Downloads\site\EShopper\arbitrage-prod\node_modules\next\dist\server\lib\router-server.js:485:13)
    at async Server.requestListener (C:\Users\aysea\Downloads\site\EShopper\arbitrage-prod\node_modules\next\dist\server\lib\start-server.js:226:13)

[2026-04-24T12:42:40.005Z] Cannot read properties of undefined (reading 'create')
TypeError: Cannot read properties of undefined (reading 'create')
    at POST (C:\Users\aysea\Downloads\site\EShopper\arbitrage-prod\.next\server\chunks\[root-of-the-server]__81b0a2ac._.js:105:51)
    at process.processTicksAndRejections (node:internal/process/task_queues:95:5)
    at async AppRouteRouteModule.do (C:\Users\aysea\Downloads\site\EShopper\arbitrage-prod\node_modules\next\dist\compiled\next-server\app-route-turbo.runtime.dev.js:5:38696)
    at async AppRouteRouteModule.handle (C:\Users\aysea\Downloads\site\EShopper\arbitrage-prod\node_modules\next\dist\compiled\next-server\app-route-turbo.runtime.dev.js:5:45978)
    at async responseGenerator (C:\Users\aysea\Downloads\site\EShopper\arbitrage-prod\.next\server\chunks\node_modules_next_2ce1952a._.js:14738:38)
    at async AppRouteRouteModule.handleResponse (C:\Users\aysea\Downloads\site\EShopper\arbitrage-prod\node_modules\next\dist\compiled\next-server\app-route-turbo.runtime.dev.js:1:195263)
    at async handleResponse (C:\Users\aysea\Downloads\site\EShopper\arbitrage-prod\.next\server\chunks\node_modules_next_2ce1952a._.js:14800:32)
    at async handler (C:\Users\aysea\Downloads\site\EShopper\arbitrage-prod\.next\server\chunks\node_modules_next_2ce1952a._.js:14852:13)
    at async DevServer.renderToResponseWithComponentsImpl (C:\Users\aysea\Downloads\site\EShopper\arbitrage-prod\node_modules\next\dist\server\base-server.js:1422:9)
    at async DevServer.renderPageComponent (C:\Users\aysea\Downloads\site\EShopper\arbitrage-prod\node_modules\next\dist\server\base-server.js:1474:24)
    at async DevServer.renderToResponseImpl (C:\Users\aysea\Downloads\site\EShopper\arbitrage-prod\node_modules\next\dist\server\base-server.js:1514:32)
    at async DevServer.pipeImpl (C:\Users\aysea\Downloads\site\EShopper\arbitrage-prod\node_modules\next\dist\server\base-server.js:1025:25)
    at async NextNodeServer.handleCatchallRenderRequest (C:\Users\aysea\Downloads\site\EShopper\arbitrage-prod\node_modules\next\dist\server\next-server.js:393:17)
    at async DevServer.handleRequestImpl (C:\Users\aysea\Downloads\site\EShopper\arbitrage-prod\node_modules\next\dist\server\base-server.js:916:17)
    at async C:\Users\aysea\Downloads\site\EShopper\arbitrage-prod\node_modules\next\dist\server\dev\next-dev-server.js:400:20
    at async Span.traceAsyncFn (C:\Users\aysea\Downloads\site\EShopper\arbitrage-prod\node_modules\next\dist\trace\trace.js:157:20)
    at async DevServer.handleRequest (C:\Users\aysea\Downloads\site\EShopper\arbitrage-prod\node_modules\next\dist\server\dev\next-dev-server.js:396:24)
    at async invokeRender (C:\Users\aysea\Downloads\site\EShopper\arbitrage-prod\node_modules\next\dist\server\lib\router-server.js:240:21)
    at async handleRequest (C:\Users\aysea\Downloads\site\EShopper\arbitrage-prod\node_modules\next\dist\server\lib\router-server.js:437:24)
    at async requestHandlerImpl (C:\Users\aysea\Downloads\site\EShopper\arbitrage-prod\node_modules\next\dist\server\lib\router-server.js:485:13)
    at async Server.requestListener (C:\Users\aysea\Downloads\site\EShopper\arbitrage-prod\node_modules\next\dist\server\lib\start-server.js:226:13)

[2026-04-24T12:45:17.774Z] Cannot read properties of undefined (reading 'create')
TypeError: Cannot read properties of undefined (reading 'create')
    at POST (C:\Users\aysea\Downloads\site\EShopper\arbitrage-prod\.next\server\chunks\[root-of-the-server]__81b0a2ac._.js:108:51)
    at process.processTicksAndRejections (node:internal/process/task_queues:95:5)
    at async AppRouteRouteModule.do (C:\Users\aysea\Downloads\site\EShopper\arbitrage-prod\node_modules\next\dist\compiled\next-server\app-route-turbo.runtime.dev.js:5:38696)
    at async AppRouteRouteModule.handle (C:\Users\aysea\Downloads\site\EShopper\arbitrage-prod\node_modules\next\dist\compiled\next-server\app-route-turbo.runtime.dev.js:5:45978)
    at async responseGenerator (C:\Users\aysea\Downloads\site\EShopper\arbitrage-prod\.next\server\chunks\node_modules_next_2ce1952a._.js:14738:38)
    at async AppRouteRouteModule.handleResponse (C:\Users\aysea\Downloads\site\EShopper\arbitrage-prod\node_modules\next\dist\compiled\next-server\app-route-turbo.runtime.dev.js:1:195263)
    at async handleResponse (C:\Users\aysea\Downloads\site\EShopper\arbitrage-prod\.next\server\chunks\node_modules_next_2ce1952a._.js:14800:32)
    at async handler (C:\Users\aysea\Downloads\site\EShopper\arbitrage-prod\.next\server\chunks\node_modules_next_2ce1952a._.js:14852:13)
    at async DevServer.renderToResponseWithComponentsImpl (C:\Users\aysea\Downloads\site\EShopper\arbitrage-prod\node_modules\next\dist\server\base-server.js:1422:9)
    at async DevServer.renderPageComponent (C:\Users\aysea\Downloads\site\EShopper\arbitrage-prod\node_modules\next\dist\server\base-server.js:1474:24)
    at async DevServer.renderToResponseImpl (C:\Users\aysea\Downloads\site\EShopper\arbitrage-prod\node_modules\next\dist\server\base-server.js:1514:32)
    at async DevServer.pipeImpl (C:\Users\aysea\Downloads\site\EShopper\arbitrage-prod\node_modules\next\dist\server\base-server.js:1025:25)
    at async NextNodeServer.handleCatchallRenderRequest (C:\Users\aysea\Downloads\site\EShopper\arbitrage-prod\node_modules\next\dist\server\next-server.js:393:17)
    at async DevServer.handleRequestImpl (C:\Users\aysea\Downloads\site\EShopper\arbitrage-prod\node_modules\next\dist\server\base-server.js:916:17)
    at async C:\Users\aysea\Downloads\site\EShopper\arbitrage-prod\node_modules\next\dist\server\dev\next-dev-server.js:400:20
    at async Span.traceAsyncFn (C:\Users\aysea\Downloads\site\EShopper\arbitrage-prod\node_modules\next\dist\trace\trace.js:157:20)
    at async DevServer.handleRequest (C:\Users\aysea\Downloads\site\EShopper\arbitrage-prod\node_modules\next\dist\server\dev\next-dev-server.js:396:24)
    at async invokeRender (C:\Users\aysea\Downloads\site\EShopper\arbitrage-prod\node_modules\next\dist\server\lib\router-server.js:240:21)
    at async handleRequest (C:\Users\aysea\Downloads\site\EShopper\arbitrage-prod\node_modules\next\dist\server\lib\router-server.js:437:24)
    at async requestHandlerImpl (C:\Users\aysea\Downloads\site\EShopper\arbitrage-prod\node_modules\next\dist\server\lib\router-server.js:485:13)
    at async Server.requestListener (C:\Users\aysea\Downloads\site\EShopper\arbitrage-prod\node_modules\next\dist\server\lib\start-server.js:226:13)

[2026-04-24T12:45:50.702Z] Cannot read properties of undefined (reading 'create')
TypeError: Cannot read properties of undefined (reading 'create')
    at POST (C:\Users\aysea\Downloads\site\EShopper\arbitrage-prod\.next\server\chunks\[root-of-the-server]__81b0a2ac._.js:108:51)
    at process.processTicksAndRejections (node:internal/process/task_queues:95:5)
    at async AppRouteRouteModule.do (C:\Users\aysea\Downloads\site\EShopper\arbitrage-prod\node_modules\next\dist\compiled\next-server\app-route-turbo.runtime.dev.js:5:38696)
    at async AppRouteRouteModule.handle (C:\Users\aysea\Downloads\site\EShopper\arbitrage-prod\node_modules\next\dist\compiled\next-server\app-route-turbo.runtime.dev.js:5:45978)
    at async responseGenerator (C:\Users\aysea\Downloads\site\EShopper\arbitrage-prod\.next\server\chunks\node_modules_next_2ce1952a._.js:14738:38)
    at async AppRouteRouteModule.handleResponse (C:\Users\aysea\Downloads\site\EShopper\arbitrage-prod\node_modules\next\dist\compiled\next-server\app-route-turbo.runtime.dev.js:1:195263)
    at async handleResponse (C:\Users\aysea\Downloads\site\EShopper\arbitrage-prod\.next\server\chunks\node_modules_next_2ce1952a._.js:14800:32)
    at async handler (C:\Users\aysea\Downloads\site\EShopper\arbitrage-prod\.next\server\chunks\node_modules_next_2ce1952a._.js:14852:13)
    at async DevServer.renderToResponseWithComponentsImpl (C:\Users\aysea\Downloads\site\EShopper\arbitrage-prod\node_modules\next\dist\server\base-server.js:1422:9)
    at async DevServer.renderPageComponent (C:\Users\aysea\Downloads\site\EShopper\arbitrage-prod\node_modules\next\dist\server\base-server.js:1474:24)
    at async DevServer.renderToResponseImpl (C:\Users\aysea\Downloads\site\EShopper\arbitrage-prod\node_modules\next\dist\server\base-server.js:1514:32)
    at async DevServer.pipeImpl (C:\Users\aysea\Downloads\site\EShopper\arbitrage-prod\node_modules\next\dist\server\base-server.js:1025:25)
    at async NextNodeServer.handleCatchallRenderRequest (C:\Users\aysea\Downloads\site\EShopper\arbitrage-prod\node_modules\next\dist\server\next-server.js:393:17)
    at async DevServer.handleRequestImpl (C:\Users\aysea\Downloads\site\EShopper\arbitrage-prod\node_modules\next\dist\server\base-server.js:916:17)
    at async C:\Users\aysea\Downloads\site\EShopper\arbitrage-prod\node_modules\next\dist\server\dev\next-dev-server.js:400:20
    at async Span.traceAsyncFn (C:\Users\aysea\Downloads\site\EShopper\arbitrage-prod\node_modules\next\dist\trace\trace.js:157:20)
    at async DevServer.handleRequest (C:\Users\aysea\Downloads\site\EShopper\arbitrage-prod\node_modules\next\dist\server\dev\next-dev-server.js:396:24)
    at async invokeRender (C:\Users\aysea\Downloads\site\EShopper\arbitrage-prod\node_modules\next\dist\server\lib\router-server.js:240:21)
    at async handleRequest (C:\Users\aysea\Downloads\site\EShopper\arbitrage-prod\node_modules\next\dist\server\lib\router-server.js:437:24)
    at async requestHandlerImpl (C:\Users\aysea\Downloads\site\EShopper\arbitrage-prod\node_modules\next\dist\server\lib\router-server.js:485:13)
    at async Server.requestListener (C:\Users\aysea\Downloads\site\EShopper\arbitrage-prod\node_modules\next\dist\server\lib\start-server.js:226:13)

